npm warn Unknown builtin config "globalignorefile". This will stop working in the next major version of npm.

> gpcqm-pwa@1.0.0 start
> node server.js


    ========================================
    🚴 GPCQM 2025 PWA Server
    ========================================
    Server running on port 3000
    Environment: production
    URL: http://localhost:3000
    ========================================
    
2025-09-07T02:19:36.632Z - GET /riders.json
2025-09-07T02:19:40.071Z - GET /
2025-09-07T02:19:40.179Z - GET /api/weather/current?lat=45.4706&lon=-73.7408&units=metric&lang=fr
2025-09-07T02:19:40.237Z - GET /api/weather/current?lat=45.4706&lon=-73.7408&units=metric&lang=fr
2025-09-07T02:19:40.258Z - GET /api/weather/current?lat=45.4706&lon=-73.7408&units=metric&lang=fr
2025-09-07T02:19:40.318Z - GET /api/weather/forecast?lat=45.4706&lon=-73.7408&units=metric&lang=fr
2025-09-07T02:19:40.331Z - GET /api/weather/forecast?lat=45.4706&lon=-73.7408&units=metric&lang=fr
2025-09-07T02:19:40.353Z - GET /api/weather/forecast?lat=45.4706&lon=-73.7408&units=metric&lang=fr
2025-09-07T02:19:41.887Z - GET /sw.js
2025-09-07T02:19:42.460Z - GET /
2025-09-07T02:19:42.505Z - GET /css/style.css?v=10.1
2025-09-07T02:19:42.511Z - GET /css/responsive.css?v=3.5
2025-09-07T02:19:42.517Z - GET /css/overrides.css?v=4.5
2025-09-07T02:19:42.521Z - GET /listeengages-package/listeengages/css/riders-styles.css?v=3.3
2025-09-07T02:19:42.524Z - GET /images/logos/new%20logo.png
2025-09-07T02:19:42.697Z - GET /js/app.js?v=5.0
2025-09-07T02:19:42.699Z - GET /listeengages-package/listeengages/js/riders.js?v=3.5
2025-09-07T02:19:42.706Z - GET /js/countdown.js?v=3.1
2025-09-07T02:19:42.710Z - GET /js/weather.js?v=3.5
2025-09-07T02:19:42.712Z - GET /js/instagram.js?v=3.1
2025-09-07T02:19:42.721Z - GET /js/pwa.js?v=3.1
2025-09-07T02:19:42.756Z - GET /images/gpcmq-30-1030x687.jpg
2025-09-07T02:19:42.758Z - GET /images/fond_liste.jpg?v=1
2025-09-07T02:19:42.760Z - GET /images/bannieres%20web%20-%20boutique_boutique-bigbox-fr_qc.png
2025-09-07T02:19:42.771Z - GET /api/weather/current?lat=45.4706&lon=-73.7408&units=metric&lang=fr
2025-09-07T02:19:42.773Z - GET /riders.json?t=1757211582761
2025-09-07T02:19:42.776Z - GET /api/weather/current?lat=45.4706&lon=-73.7408&units=metric&lang=fr
2025-09-07T02:19:42.827Z - GET /images/jerseys/jersey-1757185200782-276508233.png
2025-09-07T02:19:42.834Z - GET /images/jerseys/jersey-1757185101643-199792434.png
2025-09-07T02:19:42.836Z - GET /images/jerseys/jersey-1757185110965-173424288.png
2025-09-07T02:19:42.841Z - GET /images/jerseys/jersey-1757185144539-276633200.png
2025-09-07T02:19:42.843Z - GET /images/jerseys/jersey-1757185137185-12171038.png
2025-09-07T02:19:42.848Z - GET /images/jerseys/jersey-1757185124618-249436990.png
2025-09-07T02:19:42.850Z - GET /images/jerseys/jersey-1757185161413-842253388.png
2025-09-07T02:19:42.855Z - GET /images/jerseys/jersey-1757185167245-801819329.png
2025-09-07T02:19:42.879Z - GET /images/jerseys/jersey-1757185172217-585412211.png
2025-09-07T02:19:42.881Z - GET /images/jerseys/jersey-1757185182800-817080181.png
2025-09-07T02:19:42.882Z - GET /images/jerseys/jersey-1757185150694-64830581.png
2025-09-07T02:19:42.883Z - GET /images/jerseys/jersey-1757185178736-70760523.png
2025-09-07T02:19:42.884Z - GET /images/jerseys/jersey-1757185188530-734203037.png
2025-09-07T02:19:42.885Z - GET /images/jerseys/jersey-1757185235950-638809992.png
2025-09-07T02:19:42.892Z - GET /images/jerseys/jersey-1757185213820-949859911.png
2025-09-07T02:19:42.899Z - GET /api/weather/forecast?lat=45.4706&lon=-73.7408&units=metric&lang=fr
2025-09-07T02:19:42.900Z - GET /images/jerseys/jersey-1757185220971-516649448.png
2025-09-07T02:19:42.901Z - GET /api/weather/forecast?lat=45.4706&lon=-73.7408&units=metric&lang=fr
2025-09-07T02:19:42.902Z - GET /api/weather/current?lat=45.4706&lon=-73.7408&units=metric&lang=fr
2025-09-07T02:19:42.902Z - GET /images/jerseys/jersey-1757185227509-733485913.png
2025-09-07T02:19:42.902Z - GET /images/jerseys/jersey-1757185206376-775522379.png
2025-09-07T02:19:42.911Z - GET /images/jerseys/jersey-1757184966447-260600803.png
2025-09-07T02:19:42.912Z - GET /images/jerseys/jersey-1757185341873-284279985.png
2025-09-07T02:19:42.913Z - GET /images/jerseys/jersey-1757185349756-192251538.png
2025-09-07T02:19:42.913Z - GET /images/jerseys/jersey-1757185354627-421181568.png
2025-09-07T02:19:42.914Z - GET /images/jerseys/jersey-1757185250194-689122994.png
2025-09-07T02:19:42.916Z - GET /listeengages-package/listeengages/images/jerseys/jayco.png
2025-09-07T02:19:42.930Z - GET /listeengages-package/listeengages/images/jerseys/emirates.png
2025-09-07T02:19:42.932Z - GET /listeengages-package/listeengages/images/jerseys/visma.png
2025-09-07T02:19:42.933Z - GET /listeengages-package/listeengages/images/jerseys/lidltrek.png
2025-09-07T02:19:42.934Z - GET /listeengages-package/listeengages/images/jerseys/soudal.png
2025-09-07T02:19:42.935Z - GET /listeengages-package/listeengages/images/jerseys/ineos.png
2025-09-07T02:19:42.940Z - GET /listeengages-package/listeengages/images/jerseys/redbullbora.png
2025-09-07T02:19:42.941Z - GET /listeengages-package/listeengages/images/jerseys/alpecin.png
2025-09-07T02:19:42.952Z - GET /listeengages-package/listeengages/images/jerseys/groupama.png
2025-09-07T02:19:42.957Z - GET /listeengages-package/listeengages/images/jerseys/bahrain.png
2025-09-07T02:19:42.970Z - GET /listeengages-package/listeengages/images/jerseys/decathlon.png
2025-09-07T02:19:42.971Z - GET /listeengages-package/listeengages/images/jerseys/ef.png
2025-09-07T02:19:42.972Z - GET /listeengages-package/listeengages/images/jerseys/movistar.png
2025-09-07T02:19:42.974Z - GET /listeengages-package/listeengages/images/jerseys/astana.png
2025-09-07T02:19:42.977Z - GET /listeengages-package/listeengages/images/jerseys/picnic.png
2025-09-07T02:19:42.978Z - GET /listeengages-package/listeengages/images/jerseys/intermarchewanty.png
2025-09-07T02:19:42.996Z - GET /api/weather/forecast?lat=45.4706&lon=-73.7408&units=metric&lang=fr
2025-09-07T02:19:42.999Z - GET /listeengages-package/listeengages/images/jerseys/cofidis.png
2025-09-07T02:19:43.000Z - GET /listeengages-package/listeengages/images/jerseys/arkea.png
2025-09-07T02:19:43.000Z - GET /listeengages-package/listeengages/images/jerseys/lotto.png
2025-09-07T02:19:43.001Z - GET /listeengages-package/listeengages/images/jerseys/uno.png
2025-09-07T02:19:43.002Z - GET /listeengages-package/listeengages/images/jerseys/canada.png
2025-09-07T02:19:43.015Z - GET /listeengages-package/listeengages/images/jerseys/tudor.png
2025-09-07T02:19:43.020Z - GET /listeengages-package/listeengages/images/jerseys/jersey-placeholder.svg
2025-09-07T02:19:44.295Z - GET /riders.json?t=1757211584291
2025-09-07T02:20:14.073Z - GET /riders.json?t=1757211614068
SIGTERM signal received: closing HTTP server
HTTP server closed
